============================= test session starts ==============================
platform darwin -- Python 3.9.6, pytest-8.4.2, pluggy-1.6.0
rootdir: /private/tmp/pyt_fx
collected 2 items

test_ok.py ..                                                            [100%]

==================================== PASSES ====================================
=========================== short test summary info ============================
PASSED test_ok.py::test_a
PASSED test_ok.py::test_b
============================== 2 passed in 0.00s ===============================
